# JRE version: OpenJDK Runtime Environment Temurin-17.0.16+8 (17.0.16+8) (build 17.0.16+8)
# Java VM: OpenJDK 64-Bit Server VM Temurin-17.0.16+8 (17.0.16+8, mixed mode, sharing, tiered, compressed oops, compressed class ptrs, g1 gc, windows-amd64)
GC Precious Log:
 CPUs: 12 total, 12 available
 Memory: 7913M
 Large Page Support: Disabled
 NUMA Support: Disabled
 Compressed Oops: Enabled (32-bit)
 Heap Region Size: 1M
 Heap Min Capacity: 8M
 Heap Initial Capacity: 124M
 Heap Max Capacity: 1980M
 Pre-touch: Disabled
 Parallel Workers: 10
 Concurrent Workers: 3
 Concurrent Refinement Workers: 10
 Periodic GC: Disabled
Heap:
 garbage-first heap   total 246784K, used 91339K [0x0000000084400000, 0x0000000100000000)
  region size 1024K, 12 young (12288K), 12 survivors (12288K)
 Metaspace       used 141808K, committed 143168K, reserved 1179648K
  class space    used 16907K, committed 17600K, reserved 1048576K
GC Heap History (20 events):
Event: 7725.680 GC heap after
{Heap after GC invocations=192 (full 8):
 garbage-first heap   total 191488K, used 74652K [0x0000000084400000, 0x0000000100000000)
  region size 1024K, 10 young (10240K), 10 survivors (10240K)
 Metaspace       used 136786K, committed 138112K, reserved 1179648K
  class space    used 16423K, committed 17088K, reserved 1048576K
}
Event: 7729.193 GC heap before
{Heap before GC invocations=193 (full 8):
 garbage-first heap   total 191488K, used 153199K [0x0000000084400000, 0x0000000100000000)
  region size 1024K, 88 young (90112K), 10 survivors (10240K)
 Metaspace       used 137543K, committed 138880K, reserved 1179648K
  class space    used 16486K, committed 17152K, reserved 1048576K
}
Event: 7729.212 GC heap after
{Heap after GC invocations=194 (full 8):
 garbage-first heap   total 191488K, used 77374K [0x0000000084400000, 0x0000000100000000)
  region size 1024K, 9 young (9216K), 9 survivors (9216K)
 Metaspace       used 137543K, committed 138880K, reserved 1179648K
  class space    used 16486K, committed 17152K, reserved 1048576K
}
Event: 7729.213 GC heap before
{Heap before GC invocations=194 (full 8):
 garbage-first heap   total 191488K, used 78398K [0x0000000084400000, 0x0000000100000000)
  region size 1024K, 10 young (10240K), 9 survivors (9216K)
 Metaspace       used 137543K, committed 138880K, reserved 1179648K
  class space    used 16486K, committed 17152K, reserved 1048576K
}
Event: 7729.226 GC heap after
{Heap after GC invocations=195 (full 8):
 garbage-first heap   total 246784K, used 77842K [0x0000000084400000, 0x0000000100000000)
  region size 1024K, 1 young (1024K), 1 survivors (1024K)
 Metaspace       used 137543K, committed 138880K, reserved 1179648K
  class space    used 16486K, committed 17152K, reserved 1048576K
}
Event: 7741.768 GC heap before
{Heap before GC invocations=195 (full 8):
 garbage-first heap   total 246784K, used 201746K [0x0000000084400000, 0x0000000100000000)
  region size 1024K, 123 young (125952K), 1 survivors (1024K)
 Metaspace       used 138139K, committed 139456K, reserved 1179648K
  class space    used 16549K, committed 17216K, reserved 1048576K
}
Event: 7742.022 GC heap after
{Heap after GC invocations=196 (full 8):
 garbage-first heap   total 246784K, used 83778K [0x0000000084400000, 0x0000000100000000)
  region size 1024K, 7 young (7168K), 7 survivors (7168K)
 Metaspace       used 138139K, committed 139456K, reserved 1179648K
  class space    used 16549K, committed 17216K, reserved 1048576K
}
Event: 7752.690 GC heap before
{Heap before GC invocations=197 (full 8):
 garbage-first heap   total 246784K, used 200514K [0x0000000084400000, 0x0000000100000000)
  region size 1024K, 122 young (124928K), 7 survivors (7168K)
 Metaspace       used 138849K, committed 140224K, reserved 1179648K
  class space    used 16621K, committed 17344K, reserved 1048576K
}
Event: 7752.694 GC heap after
{Heap after GC invocations=198 (full 8):
 garbage-first heap   total 246784K, used 85265K [0x0000000084400000, 0x0000000100000000)
  region size 1024K, 9 young (9216K), 9 survivors (9216K)
 Metaspace       used 138849K, committed 140224K, reserved 1179648K
  class space    used 16621K, committed 17344K, reserved 1048576K
}
Event: 7752.717 GC heap before
{Heap before GC invocations=198 (full 8):
 garbage-first heap   total 246784K, used 88337K [0x0000000084400000, 0x0000000100000000)
  region size 1024K, 12 young (12288K), 9 survivors (9216K)
 Metaspace       used 138849K, committed 140224K, reserved 1179648K
  class space    used 16621K, committed 17344K, reserved 1048576K
}
Event: 7752.745 GC heap after
{Heap after GC invocations=199 (full 8):
 garbage-first heap   total 246784K, used 84805K [0x0000000084400000, 0x0000000100000000)
  region size 1024K, 2 young (2048K), 2 survivors (2048K)
 Metaspace       used 138849K, committed 140224K, reserved 1179648K
  class space    used 16621K, committed 17344K, reserved 1048576K
}
Event: 7758.927 GC heap before
{Heap before GC invocations=199 (full 8):
 garbage-first heap   total 246784K, used 202565K [0x0000000084400000, 0x0000000100000000)
  region size 1024K, 117 young (119808K), 2 survivors (2048K)
 Metaspace       used 139619K, committed 140992K, reserved 1179648K
  class space    used 16690K, committed 17408K, reserved 1048576K
}
Event: 7758.935 GC heap after
{Heap after GC invocations=200 (full 8):
 garbage-first heap   total 246784K, used 92061K [0x0000000084400000, 0x0000000100000000)
  region size 1024K, 9 young (9216K), 9 survivors (9216K)
 Metaspace       used 139619K, committed 140992K, reserved 1179648K
  class space    used 16690K, committed 17408K, reserved 1048576K
}
Event: 7768.594 GC heap before
{Heap before GC invocations=201 (full 8):
 garbage-first heap   total 246784K, used 192259K [0x0000000084400000, 0x0000000100000000)
  region size 1024K, 114 young (116736K), 9 survivors (9216K)
 Metaspace       used 139919K, committed 141248K, reserved 1179648K
  class space    used 16731K, committed 17408K, reserved 1048576K
}
Event: 7768.600 GC heap after
{Heap after GC invocations=202 (full 8):
 garbage-first heap   total 246784K, used 82313K [0x0000000084400000, 0x0000000100000000)
  region size 1024K, 6 young (6144K), 6 survivors (6144K)
 Metaspace       used 139919K, committed 141248K, reserved 1179648K
  class space    used 16731K, committed 17408K, reserved 1048576K
}
Event: 7768.618 GC heap before
{Heap before GC invocations=202 (full 8):
 garbage-first heap   total 246784K, used 88457K [0x0000000084400000, 0x0000000100000000)
  region size 1024K, 12 young (12288K), 6 survivors (6144K)
 Metaspace       used 139919K, committed 141248K, reserved 1179648K
  class space    used 16731K, committed 17408K, reserved 1048576K
}
Event: 7768.628 GC heap after
{Heap after GC invocations=203 (full 8):
 garbage-first heap   total 246784K, used 81154K [0x0000000084400000, 0x0000000100000000)
  region size 1024K, 2 young (2048K), 2 survivors (2048K)
 Metaspace       used 139919K, committed 141248K, reserved 1179648K
  class space    used 16731K, committed 17408K, reserved 1048576K
}
Event: 7774.411 GC heap before
{Heap before GC invocations=203 (full 8):
 garbage-first heap   total 246784K, used 198914K [0x0000000084400000, 0x0000000100000000)
  region size 1024K, 117 young (119808K), 2 survivors (2048K)
 Metaspace       used 141119K, committed 142464K, reserved 1179648K
  class space    used 16845K, committed 17536K, reserved 1048576K
}
Event: 7775.059 GC heap after
{Heap after GC invocations=204 (full 8):
 garbage-first heap   total 246784K, used 84947K [0x0000000084400000, 0x0000000100000000)
  region size 1024K, 5 young (5120K), 5 survivors (5120K)
 Metaspace       used 141119K, committed 142464K, reserved 1179648K
  class space    used 16845K, committed 17536K, reserved 1048576K
}
Event: 7782.007 GC heap before
{Heap before GC invocations=205 (full 8):
 garbage-first heap   total 246784K, used 200659K [0x0000000084400000, 0x0000000100000000)
  region size 1024K, 118 young (120832K), 5 survivors (5120K)
 Metaspace       used 141808K, committed 143168K, reserved 1179648K
  class space    used 16907K, committed 17600K, reserved 1048576K
}

